Determining if the pthread_kill exist failed with the following output:
Change Dir: /home/codecraft94/Documents/quadruped/pc104_controller/build/CMakeFiles/CMakeTmp

Run Build Command(s):/usr/bin/make cmTC_261f7/fast 
/usr/bin/make -f CMakeFiles/cmTC_261f7.dir/build.make CMakeFiles/cmTC_261f7.dir/build
make[1]: Entering directory '/home/codecraft94/Documents/quadruped/pc104_controller/build/CMakeFiles/CMakeTmp'
Building C object CMakeFiles/cmTC_261f7.dir/CheckSymbolExists.c.o
/usr/bin/cc    -o CMakeFiles/cmTC_261f7.dir/CheckSymbolExists.c.o   -c /home/codecraft94/Documents/quadruped/pc104_controller/build/CMakeFiles/CMakeTmp/CheckSymbolExists.c
/home/codecraft94/Documents/quadruped/pc104_controller/build/CMakeFiles/CMakeTmp/CheckSymbolExists.c: In function ‘main’:
/home/codecraft94/Documents/quadruped/pc104_controller/build/CMakeFiles/CMakeTmp/CheckSymbolExists.c:8:19: error: ‘pthread_kill’ undeclared (first use in this function); did you mean ‘pthread_self’?
   return ((int*)(&pthread_kill))[argc];
                   ^~~~~~~~~~~~
                   pthread_self
/home/codecraft94/Documents/quadruped/pc104_controller/build/CMakeFiles/CMakeTmp/CheckSymbolExists.c:8:19: note: each undeclared identifier is reported only once for each function it appears in
CMakeFiles/cmTC_261f7.dir/build.make:65: recipe for target 'CMakeFiles/cmTC_261f7.dir/CheckSymbolExists.c.o' failed
make[1]: *** [CMakeFiles/cmTC_261f7.dir/CheckSymbolExists.c.o] Error 1
make[1]: Leaving directory '/home/codecraft94/Documents/quadruped/pc104_controller/build/CMakeFiles/CMakeTmp'
Makefile:121: recipe for target 'cmTC_261f7/fast' failed
make: *** [cmTC_261f7/fast] Error 2

File /home/codecraft94/Documents/quadruped/pc104_controller/build/CMakeFiles/CMakeTmp/CheckSymbolExists.c:
/* */
#include <pthread.h>

int main(int argc, char** argv)
{
  (void)argv;
#ifndef pthread_kill
  return ((int*)(&pthread_kill))[argc];
#else
  (void)argc;
  return 0;
#endif
}

Determining if the function pthread_create exists in the pthreads failed with the following output:
Change Dir: /home/codecraft94/Documents/quadruped/pc104_controller/build/CMakeFiles/CMakeTmp

Run Build Command(s):/usr/bin/make cmTC_f563a/fast 
/usr/bin/make -f CMakeFiles/cmTC_f563a.dir/build.make CMakeFiles/cmTC_f563a.dir/build
make[1]: Entering directory '/home/codecraft94/Documents/quadruped/pc104_controller/build/CMakeFiles/CMakeTmp'
Building C object CMakeFiles/cmTC_f563a.dir/CheckFunctionExists.c.o
/usr/bin/cc   -DCHECK_FUNCTION_EXISTS=pthread_create   -o CMakeFiles/cmTC_f563a.dir/CheckFunctionExists.c.o   -c /usr/local/share/cmake-3.14/Modules/CheckFunctionExists.c
Linking C executable cmTC_f563a
/usr/local/bin/cmake -E cmake_link_script CMakeFiles/cmTC_f563a.dir/link.txt --verbose=1
/usr/bin/cc  -DCHECK_FUNCTION_EXISTS=pthread_create    -rdynamic CMakeFiles/cmTC_f563a.dir/CheckFunctionExists.c.o  -o cmTC_f563a -lpthreads 
/usr/bin/ld: cannot find -lpthreads
collect2: error: ld returned 1 exit status
CMakeFiles/cmTC_f563a.dir/build.make:86: recipe for target 'cmTC_f563a' failed
make[1]: *** [cmTC_f563a] Error 1
make[1]: Leaving directory '/home/codecraft94/Documents/quadruped/pc104_controller/build/CMakeFiles/CMakeTmp'
Makefile:121: recipe for target 'cmTC_f563a/fast' failed
make: *** [cmTC_f563a/fast] Error 2


